2025-11-19 16:41:32,297 - config - INFO - 🤖 Bot ishga tushdi...
2025-11-19 16:41:32,297 - aiogram.dispatcher - INFO - Start polling
2025-11-19 16:41:32,640 - aiogram.dispatcher - INFO - Run polling for bot @DiyorPortfolioBot id=7694896433 - "Diyor's Bot"
2025-11-19 16:41:38,863 - config - INFO - Start command: 5515940993 - Diyorbek Xolmurodov
2025-11-19 16:41:39,222 - aiogram.event - INFO - Update id=316600248 is handled. Duration 360 ms by bot id=7694896433
2025-11-19 16:41:48,366 - config - INFO - Balance check: 5515940993
2025-11-19 16:41:48,512 - aiogram.event - INFO - Update id=316600249 is handled. Duration 148 ms by bot id=7694896433
2025-11-19 16:41:50,390 - config - INFO - Main menu: 5515940993 - Diyorbek Xolmurodov
2025-11-19 16:41:50,564 - aiogram.event - INFO - Update id=316600250 is handled. Duration 174 ms by bot id=7694896433
2025-11-19 16:41:55,092 - config - INFO - Referral menu: 5515940993
2025-11-19 16:41:55,338 - aiogram.event - INFO - Update id=316600251 is handled. Duration 248 ms by bot id=7694896433
2025-11-19 16:41:57,332 - config - INFO - Main menu: 5515940993 - Diyorbek Xolmurodov
2025-11-19 16:41:57,458 - aiogram.event - INFO - Update id=316600252 is handled. Duration 127 ms by bot id=7694896433
2025-11-19 16:41:59,193 - config - INFO - Stats: 5515940993
2025-11-19 16:41:59,334 - aiogram.event - INFO - Update id=316600253 is handled. Duration 141 ms by bot id=7694896433
2025-11-19 16:42:00,679 - config - INFO - Main menu: 5515940993 - Diyorbek Xolmurodov
2025-11-19 16:42:00,803 - aiogram.event - INFO - Update id=316600254 is handled. Duration 125 ms by bot id=7694896433
2025-11-19 16:42:01,972 - config - INFO - Help: 5515940993
2025-11-19 16:42:02,109 - aiogram.event - INFO - Update id=316600255 is handled. Duration 138 ms by bot id=7694896433
2025-11-19 16:42:05,507 - config - INFO - Main menu: 5515940993 - Diyorbek Xolmurodov
2025-11-19 16:42:05,645 - aiogram.event - INFO - Update id=316600256 is handled. Duration 139 ms by bot id=7694896433
2025-11-19 16:42:08,699 - config - INFO - Withdraw start: 5515940993
2025-11-19 16:42:08,834 - aiogram.event - INFO - Update id=316600257 is handled. Duration 137 ms by bot id=7694896433
2025-11-19 16:42:39,679 - aiogram.dispatcher - WARNING - Received SIGINT signal
2025-11-19 16:42:39,680 - aiogram.dispatcher - INFO - Polling stopped for bot @DiyorPortfolioBot id=7694896433 - "Diyor's Bot"
2025-11-19 16:42:39,680 - aiogram.dispatcher - INFO - Polling stopped
2025-11-19 16:42:42,090 - config - INFO - 🤖 Bot ishga tushdi...
2025-11-19 16:42:42,090 - aiogram.dispatcher - INFO - Start polling
2025-11-19 16:42:42,431 - aiogram.dispatcher - INFO - Run polling for bot @DiyorPortfolioBot id=7694896433 - "Diyor's Bot"
2025-11-19 16:42:44,352 - config - INFO - Start command: 5515940993 - Diyorbek Xolmurodov
2025-11-19 16:42:44,724 - aiogram.event - INFO - Update id=316600258 is handled. Duration 372 ms by bot id=7694896433
2025-11-19 16:43:06,377 - config - INFO - Withdraw start: 5515940993
2025-11-19 16:43:06,709 - aiogram.event - INFO - Update id=316600259 is handled. Duration 335 ms by bot id=7694896433
2025-11-19 16:43:17,038 - config - INFO - Process card: 5515940993
2025-11-19 16:43:17,184 - aiogram.event - INFO - Update id=316600260 is handled. Duration 147 ms by bot id=7694896433
2025-11-19 16:43:39,111 - config - INFO - Withdraw confirmed: 5515940993 - amount: 315 - req_id: 1
2025-11-19 16:43:39,419 - aiogram.event - INFO - Update id=316600261 is handled. Duration 313 ms by bot id=7694896433
2025-11-19 16:43:46,153 - config - INFO - Main menu: 5515940993 - Diyorbek Xolmurodov
2025-11-19 16:43:46,286 - aiogram.event - INFO - Update id=316600262 is handled. Duration 134 ms by bot id=7694896433
2025-11-19 16:43:50,732 - config - INFO - Admin panel: 5515940993 - Diyorbek Xolmurodov
2025-11-19 16:43:50,893 - aiogram.event - INFO - Update id=316600263 is handled. Duration 164 ms by bot id=7694896433
2025-11-19 16:43:53,578 - config - INFO - Admin withdraw requests: 5515940993
2025-11-19 16:43:53,796 - aiogram.event - INFO - Update id=316600264 is handled. Duration 220 ms by bot id=7694896433
2025-11-19 16:44:02,273 - config - INFO - Withdraw paid: 5515940993 - req_id: 1
2025-11-19 16:44:02,618 - aiogram.event - INFO - Update id=316600265 is handled. Duration 348 ms by bot id=7694896433
2025-11-19 16:44:05,346 - config - INFO - Start command: 5515940993 - Diyorbek Xolmurodov
2025-11-19 16:44:05,541 - aiogram.event - INFO - Update id=316600266 is handled. Duration 195 ms by bot id=7694896433
2025-11-19 16:44:07,465 - config - INFO - Admin panel: 5515940993 - Diyorbek Xolmurodov
2025-11-19 16:44:07,593 - aiogram.event - INFO - Update id=316600267 is handled. Duration 128 ms by bot id=7694896433
2025-11-19 16:44:09,387 - config - INFO - Admin withdraw requests: 5515940993
2025-11-19 16:44:09,524 - aiogram.event - INFO - Update id=316600268 is handled. Duration 140 ms by bot id=7694896433
2025-11-19 16:44:10,872 - config - INFO - Admin back: 5515940993
2025-11-19 16:44:10,985 - aiogram.event - INFO - Update id=316600269 is handled. Duration 115 ms by bot id=7694896433
2025-11-19 16:44:14,690 - config - INFO - Admin stats: 5515940993
2025-11-19 16:44:14,812 - aiogram.event - INFO - Update id=316600270 is handled. Duration 125 ms by bot id=7694896433
2025-11-19 16:44:21,481 - config - INFO - Admin back: 5515940993
2025-11-19 16:44:21,603 - aiogram.event - INFO - Update id=316600271 is handled. Duration 126 ms by bot id=7694896433
2025-11-19 16:44:24,365 - config - INFO - Main menu: 5515940993 - Diyorbek Xolmurodov
2025-11-19 16:44:24,652 - aiogram.event - INFO - Update id=316600272 is handled. Duration 287 ms by bot id=7694896433
2025-11-19 16:45:27,256 - config - INFO - Start command: 5515940993 - Diyorbek Xolmurodov
2025-11-19 16:45:27,592 - aiogram.event - INFO - Update id=316600273 is handled. Duration 337 ms by bot id=7694896433
2025-11-19 16:46:21,196 - config - INFO - Stats: 5515940993
2025-11-19 16:46:21,523 - aiogram.event - INFO - Update id=316600274 is handled. Duration 328 ms by bot id=7694896433
2025-11-19 16:46:33,995 - config - INFO - Main menu: 5515940993 - Diyorbek Xolmurodov
2025-11-19 16:46:34,119 - aiogram.event - INFO - Update id=316600275 is handled. Duration 125 ms by bot id=7694896433
2025-11-19 16:46:35,860 - config - INFO - Help: 5515940993
2025-11-19 16:46:35,975 - aiogram.event - INFO - Update id=316600276 is handled. Duration 117 ms by bot id=7694896433
2025-11-19 16:46:49,130 - config - INFO - Main menu: 5515940993 - Diyorbek Xolmurodov
2025-11-19 16:46:49,253 - aiogram.event - INFO - Update id=316600277 is handled. Duration 124 ms by bot id=7694896433
2025-11-19 16:47:10,682 - config - INFO - Start command: 5515940993 - Diyorbek Xolmurodov
2025-11-19 16:47:11,023 - aiogram.event - INFO - Update id=316600278 is handled. Duration 342 ms by bot id=7694896433
2025-11-19 16:47:53,538 - config - INFO - Main menu: 7612526446 - Admin
2025-11-19 16:47:53,856 - aiogram.event - INFO - Update id=316600279 is handled. Duration 319 ms by bot id=7694896433
2025-11-19 16:47:56,939 - config - INFO - Referral menu: 7612526446
2025-11-19 16:47:57,075 - aiogram.event - INFO - Update id=316600280 is handled. Duration 138 ms by bot id=7694896433
2025-11-19 16:48:19,134 - config - INFO - Start command: 8143902971 - Jo'rayeva Nafisa
2025-11-19 16:48:19,140 - config - INFO - New referral: 7612526446 -> 8143902971
2025-11-19 16:48:19,696 - aiogram.event - INFO - Update id=316600281 is handled. Duration 563 ms by bot id=7694896433
2025-11-19 16:48:49,825 - aiogram.dispatcher - WARNING - Received SIGINT signal
2025-11-19 16:48:49,829 - aiogram.dispatcher - INFO - Polling stopped for bot @DiyorPortfolioBot id=7694896433 - "Diyor's Bot"
2025-11-19 16:48:49,829 - aiogram.dispatcher - INFO - Polling stopped
2025-11-19 16:48:55,600 - config - INFO - 🤖 Bot ishga tushdi...
2025-11-19 16:48:55,601 - aiogram.dispatcher - INFO - Start polling
2025-11-19 16:48:55,896 - aiogram.dispatcher - INFO - Run polling for bot @DiyorPortfolioBot id=7694896433 - "Diyor's Bot"
2025-11-19 16:51:54,073 - config - INFO - Start command: 5515940993 - Diyorbek Xolmurodov
2025-11-19 16:51:54,439 - aiogram.event - INFO - Update id=316600282 is handled. Duration 367 ms by bot id=7694896433
2025-11-19 16:51:57,777 - config - INFO - Stats: 5515940993
2025-11-19 16:51:57,915 - aiogram.event - INFO - Update id=316600283 is handled. Duration 140 ms by bot id=7694896433
2025-11-19 16:52:00,061 - config - INFO - Main menu: 5515940993 - Diyorbek Xolmurodov
2025-11-19 16:52:00,172 - aiogram.event - INFO - Update id=316600284 is handled. Duration 112 ms by bot id=7694896433
2025-11-19 16:52:02,042 - config - INFO - Balance check: 5515940993
2025-11-19 16:52:02,158 - aiogram.event - INFO - Update id=316600285 is handled. Duration 117 ms by bot id=7694896433
2025-11-19 16:52:10,587 - config - INFO - Main menu: 5515940993 - Diyorbek Xolmurodov
2025-11-19 16:52:10,718 - aiogram.event - INFO - Update id=316600286 is handled. Duration 131 ms by bot id=7694896433
2025-11-19 16:53:06,882 - config - INFO - Tasks menu: 5515940993 - Diyorbek Xolmurodov
2025-11-19 16:53:07,233 - aiogram.event - INFO - Update id=316600287 is handled. Duration 353 ms by bot id=7694896433
2025-11-19 16:53:09,926 - config - INFO - Main menu: 5515940993 - Diyorbek Xolmurodov
2025-11-19 16:53:10,083 - aiogram.event - INFO - Update id=316600288 is handled. Duration 157 ms by bot id=7694896433
2025-11-19 16:53:14,994 - config - INFO - Referral menu: 5515940993
2025-11-19 16:53:15,130 - aiogram.event - INFO - Update id=316600289 is handled. Duration 136 ms by bot id=7694896433
2025-11-19 16:53:18,889 - config - INFO - Main menu: 5515940993 - Diyorbek Xolmurodov
2025-11-19 16:53:19,010 - aiogram.event - INFO - Update id=316600290 is handled. Duration 122 ms by bot id=7694896433
2025-11-19 16:53:46,228 - aiogram.dispatcher - WARNING - Received SIGINT signal
2025-11-19 16:53:46,230 - aiogram.dispatcher - INFO - Polling stopped for bot @DiyorPortfolioBot id=7694896433 - "Diyor's Bot"
2025-11-19 16:53:46,230 - aiogram.dispatcher - INFO - Polling stopped
